
: 
: 
: 
: 
REPLACING FILE (SPL:33)SFTP.SAV

COPY STARTING

(SPL:39)SFTP.SAV COPIED TO (SPL:33)SFTP.SAV

5972 (5816) CHARS. TRANSMITTED

: 
REPLACING FILE (SPL:38)SFTP.SAV

COPY STARTING

(SPL:39)SFTP.SAV COPIED TO (SPL:38)SFTP.SAV

5972 (5816) CHARS. TRANSMITTED

: 
SYSTEM UNAVAILABLE
: 
REPLACING FILE (SPL:32)SFTP.SAV

COPY STARTING

(SPL:39)SFTP.SAV COPIED TO (SPL:32)SFTP.SAV

5972 (5816) CHARS. TRANSMITTED

: 
REPLACING FILE (SPL:34)SFTP.SAV

COPY STARTING

(SPL:39)SFTP.SAV COPIED TO (SPL:34)SFTP.SAV

5972 (5816) CHARS. TRANSMITTED

: 
REPLACING FILE (SPL:35)SFTP.SAV

COPY STARTING

(SPL:39)SFTP.SAV COPIED TO (SPL:35)SFTP.SAV

5972 (5816) CHARS. TRANSMITTED

: 
REPLACING FILE (SPL:36)SFTP.SAV

COPY STARTING

(SPL:39)SFTP.SAV COPIED TO (SPL:36)SFTP.SAV

5972 (5816) CHARS. TRANSMITTED

: 
REPLACING FILE (SPL:37)SFTP.SAV

COPY STARTING

(SPL:39)SFTP.SAV COPIED TO (SPL:37)SFTP.SAV

5972 (5816) CHARS. TRANSMITTED

: 
"COPY TO" AND "COPY FROM" SYSTEM MUST NOT BE THE SAME.

: 
REPLACING FILE (SPL:30)SFTP.SAV

COPY STARTING

(SPL:39)SFTP.SAV COPIED TO (SPL:30)SFTP.SAV

5972 (5816) CHARS. TRANSMITTED

: 
REPLACING FILE (SPL:28)SFTP.SAV

COPY STARTING

(SPL:39)SFTP.SAV COPIED TO (SPL:28)SFTP.SAV

5972 (5816) CHARS. TRANSMITTED

: 
REPLACING FILE (SPL:29)SFTP.SAV

COPY STARTING

(SPL:39)SFTP.SAV COPIED TO (SPL:29)SFTP.SAV

5972 (5816) CHARS. TRANSMITTED

: 
REPLACING FILE (SPL:27)SFTP.SAV

COPY STARTING

(SPL:39)SFTP.SAV COPIED TO (SPL:27)SFTP.SAV

5972 (5816) CHARS. TRANSMITTED

: 
REPLACING FILE (SPL:26)SFTP.SAV

COPY STARTING

(SPL:39)SFTP.SAV COPIED TO (SPL:26)SFTP.SAV

5972 (5816) CHARS. TRANSMITTED

: 
REPLACING FILE (SPL:25)SFTP.SAV

COPY STARTING

(SPL:39)SFTP.SAV COPIED TO (SPL:25)SFTP.SAV

5972 (5816) CHARS. TRANSMITTED

: 
CIRCUIT ZAPPED - ABORTING,  SYSTEM 23

: 
REPLACING FILE (SPL:22)SFTP.SAV

COPY STARTING

(SPL:39)SFTP.SAV COPIED TO (SPL:22)SFTP.SAV

5972 (5816) CHARS. TRANSMITTED

: 
CIRCUIT ZAPPED - ABORTING,  SYSTEM 83

: 
REPLACING FILE (SPL:54)SFTP.SAV

COPY STARTING

(SPL:39)SFTP.SAV COPIED TO (SPL:54)SFTP.SAV

5972 (5816) CHARS. TRANSMITTED

: 
REPLACING FILE (SPL:59)SFTP.SAV

COPY STARTING

(SPL:39)SFTP.SAV COPIED TO (SPL:59)SFTP.SAV

5972 (5816) CHARS. TRANSMITTED

: 
REPLACING FILE (SPL:56)SFTP.SAV

COPY STARTING

(SPL:39)SFTP.SAV COPIED TO (SPL:56)SFTP.SAV

5972 (5816) CHARS. TRANSMITTED

: 
REPLACING FILE (SPL:65)SFTP.SAV

COPY STARTING

(SPL:39)SFTP.SAV COPIED TO (SPL:65)SFTP.SAV

5972 (5816) CHARS. TRANSMITTED

: 
REPLACING FILE (SPL:70)SFTP.SAV

COPY STARTING

(SPL:39)SFTP.SAV COPIED TO (SPL:70)SFTP.SAV

5972 (5816) CHARS. TRANSMITTED

: 
REPLACING FILE (SPL:72)SFTP.SAV

COPY STARTING

(SPL:39)SFTP.SAV COPIED TO (SPL:72)SFTP.SAV

5972 (5816) CHARS. TRANSMITTED

: 
REPLACING FILE (SPL:74)SFTP.SAV

COPY STARTING

(SPL:39)SFTP.SAV COPIED TO (SPL:74)SFTP.SAV

5972 (5816) CHARS. TRANSMITTED

: 
REPLACING FILE (SPL:79)SFTP.SAV

COPY STARTING

(SPL:39)SFTP.SAV COPIED TO (SPL:79)SFTP.SAV

5972 (5816) CHARS. TRANSMITTED

: 
REPLACING FILE (SPL:55)SFTP.SAV

COPY STARTING

(SPL:39)SFTP.SAV COPIED TO (SPL:55)SFTP.SAV

5972 (5816) CHARS. TRANSMITTED

: 
REPLACING FILE (SPL:57)SFTP.SAV

COPY STARTING

(SPL:39)SFTP.SAV COPIED TO (SPL:57)SFTP.SAV

5972 (5816) CHARS. TRANSMITTED

: 